30 мар. 2022 - 19:44:47.573 -  INFO  - o.s.d.r.c.RepositoryConfigurationDelegate - Bootstrapping Spring Data JPA repositories in DEFAULT mode.
30 мар. 2022 - 19:44:47.703 -  INFO  - o.s.d.r.c.RepositoryConfigurationDelegate - Finished Spring Data repository scanning in 104 ms. Found 1 JPA repository interfaces.
30 мар. 2022 - 19:44:49.313 -  INFO  - o.s.b.w.e.tomcat.TomcatWebServer - Tomcat initialized with port(s): 8080 (http)
30 мар. 2022 - 19:44:49.332 -  INFO  - o.a.catalina.core.StandardService - Starting service [Tomcat]
30 мар. 2022 - 19:44:49.333 -  INFO  - o.a.catalina.core.StandardEngine - Starting Servlet engine: [Apache Tomcat/9.0.60]
30 мар. 2022 - 19:44:49.615 -  INFO  - o.a.c.c.C.[Tomcat].[localhost].[/] - Initializing Spring embedded WebApplicationContext
30 мар. 2022 - 19:44:49.616 -  INFO  - o.s.b.w.s.c.ServletWebServerApplicationContext - Root WebApplicationContext: initialization completed in 4190 ms
30 мар. 2022 - 19:44:50.031 -  INFO  - o.h.jpa.internal.util.LogHelper - HHH000204: Processing PersistenceUnitInfo [name: default]
30 мар. 2022 - 19:44:50.147 -  INFO  - org.hibernate.Version - HHH000412: Hibernate ORM core version 5.6.7.Final
30 мар. 2022 - 19:44:50.533 -  INFO  - o.h.annotations.common.Version - HCANN000001: Hibernate Commons Annotations {5.1.2.Final}
30 мар. 2022 - 19:44:50.727 -  INFO  - com.zaxxer.hikari.HikariDataSource - HikariPool-1 - Starting...
30 мар. 2022 - 19:44:50.959 -  INFO  - com.zaxxer.hikari.HikariDataSource - HikariPool-1 - Start completed.
30 мар. 2022 - 19:44:51.014 -  INFO  - org.hibernate.dialect.Dialect - HHH000400: Using dialect: org.hibernate.dialect.PostgreSQL10Dialect
30 мар. 2022 - 19:44:52.530 -  INFO  - o.h.e.t.j.p.i.JtaPlatformInitiator - HHH000490: Using JtaPlatform implementation: [org.hibernate.engine.transaction.jta.platform.internal.NoJtaPlatform]
30 мар. 2022 - 19:44:52.544 -  INFO  - o.s.o.j.LocalContainerEntityManagerFactoryBean - Initialized JPA EntityManagerFactory for persistence unit 'default'
30 мар. 2022 - 19:44:53.803 -  WARN  - o.s.b.a.o.j.JpaBaseConfiguration$JpaWebConfiguration - spring.jpa.open-in-view is enabled by default. Therefore, database queries may be performed during view rendering. Explicitly configure spring.jpa.open-in-view to disable this warning
30 мар. 2022 - 19:44:54.554 -  WARN  - o.s.b.a.s.s.UserDetailsServiceAutoConfiguration - 

Using generated security password: def33b2c-a689-48e6-a221-3bdbcdf8eda8

This generated password is for development use only. Your security configuration must be updated before running your application in production.

30 мар. 2022 - 19:44:54.843 -  INFO  - o.s.s.web.DefaultSecurityFilterChain - Will not secure any request
30 мар. 2022 - 19:44:55.000 -  INFO  - o.s.b.w.e.tomcat.TomcatWebServer - Tomcat started on port(s): 8080 (http) with context path ''
30 мар. 2022 - 20:46:32.594 -  INFO  - o.s.d.r.c.RepositoryConfigurationDelegate - Bootstrapping Spring Data JPA repositories in DEFAULT mode.
30 мар. 2022 - 20:46:32.673 -  INFO  - o.s.d.r.c.RepositoryConfigurationDelegate - Finished Spring Data repository scanning in 55 ms. Found 1 JPA repository interfaces.
30 мар. 2022 - 20:46:34.016 -  INFO  - o.s.b.w.e.tomcat.TomcatWebServer - Tomcat initialized with port(s): 8080 (http)
30 мар. 2022 - 20:46:34.032 -  INFO  - o.a.catalina.core.StandardService - Starting service [Tomcat]
30 мар. 2022 - 20:46:34.032 -  INFO  - o.a.catalina.core.StandardEngine - Starting Servlet engine: [Apache Tomcat/9.0.60]
30 мар. 2022 - 20:46:34.188 -  INFO  - o.a.c.c.C.[Tomcat].[localhost].[/] - Initializing Spring embedded WebApplicationContext
30 мар. 2022 - 20:46:34.188 -  INFO  - o.s.b.w.s.c.ServletWebServerApplicationContext - Root WebApplicationContext: initialization completed in 3304 ms
30 мар. 2022 - 20:46:34.750 -  INFO  - o.h.jpa.internal.util.LogHelper - HHH000204: Processing PersistenceUnitInfo [name: default]
30 мар. 2022 - 20:46:35.000 -  INFO  - org.hibernate.Version - HHH000412: Hibernate ORM core version 5.6.7.Final
30 мар. 2022 - 20:46:35.359 -  INFO  - o.h.annotations.common.Version - HCANN000001: Hibernate Commons Annotations {5.1.2.Final}
30 мар. 2022 - 20:46:35.609 -  INFO  - com.zaxxer.hikari.HikariDataSource - HikariPool-1 - Starting...
30 мар. 2022 - 20:46:36.515 -  INFO  - com.zaxxer.hikari.HikariDataSource - HikariPool-1 - Start completed.
30 мар. 2022 - 20:46:36.547 -  INFO  - org.hibernate.dialect.Dialect - HHH000400: Using dialect: org.hibernate.dialect.PostgreSQL10Dialect
30 мар. 2022 - 20:46:39.562 -  INFO  - o.h.e.t.j.p.i.JtaPlatformInitiator - HHH000490: Using JtaPlatform implementation: [org.hibernate.engine.transaction.jta.platform.internal.NoJtaPlatform]
30 мар. 2022 - 20:46:39.562 -  INFO  - o.s.o.j.LocalContainerEntityManagerFactoryBean - Initialized JPA EntityManagerFactory for persistence unit 'default'
30 мар. 2022 - 20:46:40.265 -  WARN  - o.s.b.a.o.j.JpaBaseConfiguration$JpaWebConfiguration - spring.jpa.open-in-view is enabled by default. Therefore, database queries may be performed during view rendering. Explicitly configure spring.jpa.open-in-view to disable this warning
30 мар. 2022 - 20:46:41.905 -  INFO  - o.s.s.web.DefaultSecurityFilterChain - Will not secure any request
30 мар. 2022 - 20:46:42.373 -  INFO  - o.s.b.w.e.tomcat.TomcatWebServer - Tomcat started on port(s): 8080 (http) with context path ''
30 мар. 2022 - 20:47:03.822 -  INFO  - o.s.o.j.LocalContainerEntityManagerFactoryBean - Closing JPA EntityManagerFactory for persistence unit 'default'
30 мар. 2022 - 20:47:03.822 -  INFO  - com.zaxxer.hikari.HikariDataSource - HikariPool-1 - Shutdown initiated...
30 мар. 2022 - 20:47:03.837 -  INFO  - com.zaxxer.hikari.HikariDataSource - HikariPool-1 - Shutdown completed.
30 мар. 2022 - 20:56:53.590 -  INFO  - o.s.d.r.c.RepositoryConfigurationDelegate - Bootstrapping Spring Data JPA repositories in DEFAULT mode.
30 мар. 2022 - 20:56:53.637 -  INFO  - o.s.d.r.c.RepositoryConfigurationDelegate - Finished Spring Data repository scanning in 50 ms. Found 1 JPA repository interfaces.
30 мар. 2022 - 20:56:54.574 -  INFO  - o.s.b.w.e.tomcat.TomcatWebServer - Tomcat initialized with port(s): 8080 (http)
30 мар. 2022 - 20:56:54.590 -  INFO  - o.a.catalina.core.StandardService - Starting service [Tomcat]
30 мар. 2022 - 20:56:54.590 -  INFO  - o.a.catalina.core.StandardEngine - Starting Servlet engine: [Apache Tomcat/9.0.60]
30 мар. 2022 - 20:56:54.699 -  INFO  - o.a.c.c.C.[Tomcat].[localhost].[/] - Initializing Spring embedded WebApplicationContext
30 мар. 2022 - 20:56:54.699 -  INFO  - o.s.b.w.s.c.ServletWebServerApplicationContext - Root WebApplicationContext: initialization completed in 2955 ms
30 мар. 2022 - 20:56:55.017 -  INFO  - o.h.jpa.internal.util.LogHelper - HHH000204: Processing PersistenceUnitInfo [name: default]
30 мар. 2022 - 20:56:55.048 -  INFO  - org.hibernate.Version - HHH000412: Hibernate ORM core version 5.6.7.Final
30 мар. 2022 - 20:56:55.236 -  INFO  - o.h.annotations.common.Version - HCANN000001: Hibernate Commons Annotations {5.1.2.Final}
30 мар. 2022 - 20:56:55.392 -  INFO  - com.zaxxer.hikari.HikariDataSource - HikariPool-1 - Starting...
30 мар. 2022 - 20:56:57.048 -  INFO  - com.zaxxer.hikari.HikariDataSource - HikariPool-1 - Start completed.
30 мар. 2022 - 20:56:57.063 -  INFO  - org.hibernate.dialect.Dialect - HHH000400: Using dialect: org.hibernate.dialect.PostgreSQL10Dialect
30 мар. 2022 - 20:56:59.047 -  INFO  - o.h.e.t.j.p.i.JtaPlatformInitiator - HHH000490: Using JtaPlatform implementation: [org.hibernate.engine.transaction.jta.platform.internal.NoJtaPlatform]
30 мар. 2022 - 20:56:59.157 -  INFO  - o.s.o.j.LocalContainerEntityManagerFactoryBean - Initialized JPA EntityManagerFactory for persistence unit 'default'
30 мар. 2022 - 20:57:00.812 -  WARN  - o.s.b.a.o.j.JpaBaseConfiguration$JpaWebConfiguration - spring.jpa.open-in-view is enabled by default. Therefore, database queries may be performed during view rendering. Explicitly configure spring.jpa.open-in-view to disable this warning
30 мар. 2022 - 20:57:01.625 -  INFO  - o.s.s.web.DefaultSecurityFilterChain - Will not secure any request
30 мар. 2022 - 20:57:02.093 -  INFO  - o.s.b.w.e.tomcat.TomcatWebServer - Tomcat started on port(s): 8080 (http) with context path ''
30 мар. 2022 - 21:07:31.619 -  INFO  - o.s.o.j.LocalContainerEntityManagerFactoryBean - Closing JPA EntityManagerFactory for persistence unit 'default'
30 мар. 2022 - 21:07:31.635 -  INFO  - com.zaxxer.hikari.HikariDataSource - HikariPool-1 - Shutdown initiated...
30 мар. 2022 - 21:07:31.650 -  INFO  - com.zaxxer.hikari.HikariDataSource - HikariPool-1 - Shutdown completed.
30 мар. 2022 - 21:07:46.557 -  INFO  - o.s.d.r.c.RepositoryConfigurationDelegate - Bootstrapping Spring Data JPA repositories in DEFAULT mode.
30 мар. 2022 - 21:07:46.588 -  INFO  - o.s.d.r.c.RepositoryConfigurationDelegate - Finished Spring Data repository scanning in 25 ms. Found 1 JPA repository interfaces.
30 мар. 2022 - 21:07:47.174 -  INFO  - o.s.b.w.e.tomcat.TomcatWebServer - Tomcat initialized with port(s): 8080 (http)
30 мар. 2022 - 21:07:47.174 -  INFO  - o.a.catalina.core.StandardService - Starting service [Tomcat]
30 мар. 2022 - 21:07:47.174 -  INFO  - o.a.catalina.core.StandardEngine - Starting Servlet engine: [Apache Tomcat/9.0.60]
30 мар. 2022 - 21:07:47.252 -  INFO  - o.a.c.c.C.[Tomcat].[localhost].[/] - Initializing Spring embedded WebApplicationContext
30 мар. 2022 - 21:07:47.252 -  INFO  - o.s.b.w.s.c.ServletWebServerApplicationContext - Root WebApplicationContext: initialization completed in 1395 ms
30 мар. 2022 - 21:07:47.392 -  INFO  - o.h.jpa.internal.util.LogHelper - HHH000204: Processing PersistenceUnitInfo [name: default]
30 мар. 2022 - 21:07:47.486 -  INFO  - org.hibernate.Version - HHH000412: Hibernate ORM core version 5.6.7.Final
30 мар. 2022 - 21:07:48.346 -  INFO  - o.h.annotations.common.Version - HCANN000001: Hibernate Commons Annotations {5.1.2.Final}
30 мар. 2022 - 21:07:48.471 -  INFO  - com.zaxxer.hikari.HikariDataSource - HikariPool-1 - Starting...
30 мар. 2022 - 21:07:48.689 -  INFO  - com.zaxxer.hikari.HikariDataSource - HikariPool-1 - Start completed.
30 мар. 2022 - 21:07:48.705 -  INFO  - org.hibernate.dialect.Dialect - HHH000400: Using dialect: org.hibernate.dialect.PostgreSQL10Dialect
30 мар. 2022 - 21:07:49.314 -  INFO  - o.h.e.t.j.p.i.JtaPlatformInitiator - HHH000490: Using JtaPlatform implementation: [org.hibernate.engine.transaction.jta.platform.internal.NoJtaPlatform]
30 мар. 2022 - 21:07:49.314 -  INFO  - o.s.o.j.LocalContainerEntityManagerFactoryBean - Initialized JPA EntityManagerFactory for persistence unit 'default'
30 мар. 2022 - 21:07:49.611 -  WARN  - o.s.b.a.o.j.JpaBaseConfiguration$JpaWebConfiguration - spring.jpa.open-in-view is enabled by default. Therefore, database queries may be performed during view rendering. Explicitly configure spring.jpa.open-in-view to disable this warning
30 мар. 2022 - 21:07:49.925 -  INFO  - o.s.s.web.DefaultSecurityFilterChain - Will not secure any request
30 мар. 2022 - 21:07:50.098 -  INFO  - o.s.b.w.e.tomcat.TomcatWebServer - Tomcat started on port(s): 8080 (http) with context path ''
30 мар. 2022 - 21:20:22.829 -  INFO  - o.s.o.j.LocalContainerEntityManagerFactoryBean - Closing JPA EntityManagerFactory for persistence unit 'default'
30 мар. 2022 - 21:20:22.861 -  INFO  - com.zaxxer.hikari.HikariDataSource - HikariPool-1 - Shutdown initiated...
30 мар. 2022 - 21:20:22.876 -  INFO  - com.zaxxer.hikari.HikariDataSource - HikariPool-1 - Shutdown completed.
30 мар. 2022 - 21:28:57.620 -  INFO  - o.s.d.r.c.RepositoryConfigurationDelegate - Bootstrapping Spring Data JPA repositories in DEFAULT mode.
30 мар. 2022 - 21:28:57.714 -  INFO  - o.s.d.r.c.RepositoryConfigurationDelegate - Finished Spring Data repository scanning in 80 ms. Found 1 JPA repository interfaces.
30 мар. 2022 - 21:28:58.592 -  INFO  - o.h.jpa.internal.util.LogHelper - HHH000204: Processing PersistenceUnitInfo [name: default]
30 мар. 2022 - 21:28:58.655 -  INFO  - org.hibernate.Version - HHH000412: Hibernate ORM core version 5.6.7.Final
30 мар. 2022 - 21:28:58.826 -  INFO  - o.h.annotations.common.Version - HCANN000001: Hibernate Commons Annotations {5.1.2.Final}
30 мар. 2022 - 21:28:58.984 -  INFO  - com.zaxxer.hikari.HikariDataSource - HikariPool-1 - Starting...
30 мар. 2022 - 21:28:59.716 -  INFO  - com.zaxxer.hikari.HikariDataSource - HikariPool-1 - Start completed.
30 мар. 2022 - 21:28:59.747 -  INFO  - org.hibernate.dialect.Dialect - HHH000400: Using dialect: org.hibernate.dialect.PostgreSQL10Dialect
30 мар. 2022 - 21:29:00.894 -  INFO  - o.h.e.t.j.p.i.JtaPlatformInitiator - HHH000490: Using JtaPlatform implementation: [org.hibernate.engine.transaction.jta.platform.internal.NoJtaPlatform]
30 мар. 2022 - 21:29:00.902 -  INFO  - o.s.o.j.LocalContainerEntityManagerFactoryBean - Initialized JPA EntityManagerFactory for persistence unit 'default'
30 мар. 2022 - 21:29:01.470 -  WARN  - o.s.b.a.o.j.JpaBaseConfiguration$JpaWebConfiguration - spring.jpa.open-in-view is enabled by default. Therefore, database queries may be performed during view rendering. Explicitly configure spring.jpa.open-in-view to disable this warning
30 мар. 2022 - 21:29:02.641 -  INFO  - o.s.s.web.DefaultSecurityFilterChain - Will not secure any request
30 мар. 2022 - 21:29:04.480 -  INFO  - o.s.o.j.LocalContainerEntityManagerFactoryBean - Closing JPA EntityManagerFactory for persistence unit 'default'
30 мар. 2022 - 21:29:04.496 -  INFO  - com.zaxxer.hikari.HikariDataSource - HikariPool-1 - Shutdown initiated...
30 мар. 2022 - 21:29:04.496 -  INFO  - com.zaxxer.hikari.HikariDataSource - HikariPool-1 - Shutdown completed.
30 мар. 2022 - 21:32:45.560 -  INFO  - o.s.d.r.c.RepositoryConfigurationDelegate - Bootstrapping Spring Data JPA repositories in DEFAULT mode.
30 мар. 2022 - 21:32:45.638 -  INFO  - o.s.d.r.c.RepositoryConfigurationDelegate - Finished Spring Data repository scanning in 77 ms. Found 1 JPA repository interfaces.
30 мар. 2022 - 21:32:46.825 -  INFO  - o.h.jpa.internal.util.LogHelper - HHH000204: Processing PersistenceUnitInfo [name: default]
30 мар. 2022 - 21:32:46.903 -  INFO  - org.hibernate.Version - HHH000412: Hibernate ORM core version 5.6.7.Final
30 мар. 2022 - 21:32:47.122 -  INFO  - o.h.annotations.common.Version - HCANN000001: Hibernate Commons Annotations {5.1.2.Final}
30 мар. 2022 - 21:32:47.309 -  INFO  - com.zaxxer.hikari.HikariDataSource - HikariPool-1 - Starting...
30 мар. 2022 - 21:32:47.590 -  INFO  - com.zaxxer.hikari.HikariDataSource - HikariPool-1 - Start completed.
30 мар. 2022 - 21:32:47.653 -  INFO  - org.hibernate.dialect.Dialect - HHH000400: Using dialect: org.hibernate.dialect.PostgreSQL10Dialect
30 мар. 2022 - 21:32:49.561 -  WARN  - o.h.t.s.i.ExceptionHandlerLoggedImpl - GenerationTarget encountered exception accepting command : Error executing DDL "alter table if exists profile add column id_1 int8 not null" via JDBC Statement
org.hibernate.tool.schema.spi.CommandAcceptanceException: Error executing DDL "alter table if exists profile add column id_1 int8 not null" via JDBC Statement
	at org.hibernate.tool.schema.internal.exec.GenerationTargetToDatabase.accept(GenerationTargetToDatabase.java:67)
	at org.hibernate.tool.schema.internal.AbstractSchemaMigrator.applySqlString(AbstractSchemaMigrator.java:581)
	at org.hibernate.tool.schema.internal.AbstractSchemaMigrator.applySqlStrings(AbstractSchemaMigrator.java:602)
	at org.hibernate.tool.schema.internal.AbstractSchemaMigrator.migrateTable(AbstractSchemaMigrator.java:314)
	at org.hibernate.tool.schema.internal.GroupedSchemaMigratorImpl.performTablesMigration(GroupedSchemaMigratorImpl.java:78)
	at org.hibernate.tool.schema.internal.AbstractSchemaMigrator.performMigration(AbstractSchemaMigrator.java:220)
	at org.hibernate.tool.schema.internal.AbstractSchemaMigrator.doMigration(AbstractSchemaMigrator.java:123)
	at org.hibernate.tool.schema.spi.SchemaManagementToolCoordinator.performDatabaseAction(SchemaManagementToolCoordinator.java:196)
	at org.hibernate.tool.schema.spi.SchemaManagementToolCoordinator.process(SchemaManagementToolCoordinator.java:85)
	at org.hibernate.internal.SessionFactoryImpl.<init>(SessionFactoryImpl.java:335)
	at org.hibernate.boot.internal.SessionFactoryBuilderImpl.build(SessionFactoryBuilderImpl.java:471)
	at org.hibernate.jpa.boot.internal.EntityManagerFactoryBuilderImpl.build(EntityManagerFactoryBuilderImpl.java:1498)
	at org.springframework.orm.jpa.vendor.SpringHibernateJpaPersistenceProvider.createContainerEntityManagerFactory(SpringHibernateJpaPersistenceProvider.java:58)
	at org.springframework.orm.jpa.LocalContainerEntityManagerFactoryBean.createNativeEntityManagerFactory(LocalContainerEntityManagerFactoryBean.java:365)
	at org.springframework.orm.jpa.AbstractEntityManagerFactoryBean.buildNativeEntityManagerFactory(AbstractEntityManagerFactoryBean.java:409)
	at org.springframework.orm.jpa.AbstractEntityManagerFactoryBean.afterPropertiesSet(AbstractEntityManagerFactoryBean.java:396)
	at org.springframework.orm.jpa.LocalContainerEntityManagerFactoryBean.afterPropertiesSet(LocalContainerEntityManagerFactoryBean.java:341)
	at org.springframework.beans.factory.support.AbstractAutowireCapableBeanFactory.invokeInitMethods(AbstractAutowireCapableBeanFactory.java:1863)
	at org.springframework.beans.factory.support.AbstractAutowireCapableBeanFactory.initializeBean(AbstractAutowireCapableBeanFactory.java:1800)
	at org.springframework.beans.factory.support.AbstractAutowireCapableBeanFactory.doCreateBean(AbstractAutowireCapableBeanFactory.java:620)
	at org.springframework.beans.factory.support.AbstractAutowireCapableBeanFactory.createBean(AbstractAutowireCapableBeanFactory.java:542)
	at org.springframework.beans.factory.support.AbstractBeanFactory.lambda$doGetBean$0(AbstractBeanFactory.java:335)
	at org.springframework.beans.factory.support.DefaultSingletonBeanRegistry.getSingleton(DefaultSingletonBeanRegistry.java:234)
	at org.springframework.beans.factory.support.AbstractBeanFactory.doGetBean(AbstractBeanFactory.java:333)
	at org.springframework.beans.factory.support.AbstractBeanFactory.getBean(AbstractBeanFactory.java:208)
	at org.springframework.context.support.AbstractApplicationContext.getBean(AbstractApplicationContext.java:1154)
	at org.springframework.context.support.AbstractApplicationContext.finishBeanFactoryInitialization(AbstractApplicationContext.java:908)
	at org.springframework.context.support.AbstractApplicationContext.refresh(AbstractApplicationContext.java:583)
	at org.springframework.boot.SpringApplication.refresh(SpringApplication.java:740)
	at org.springframework.boot.SpringApplication.refreshContext(SpringApplication.java:415)
	at org.springframework.boot.SpringApplication.run(SpringApplication.java:303)
	at org.springframework.boot.test.context.SpringBootContextLoader.loadContext(SpringBootContextLoader.java:136)
	at org.springframework.test.context.cache.DefaultCacheAwareContextLoaderDelegate.loadContextInternal(DefaultCacheAwareContextLoaderDelegate.java:99)
	at org.springframework.test.context.cache.DefaultCacheAwareContextLoaderDelegate.loadContext(DefaultCacheAwareContextLoaderDelegate.java:124)
	at org.springframework.test.context.support.DefaultTestContext.getApplicationContext(DefaultTestContext.java:124)
	at org.springframework.test.context.web.ServletTestExecutionListener.setUpRequestContextIfNecessary(ServletTestExecutionListener.java:190)
	at org.springframework.test.context.web.ServletTestExecutionListener.prepareTestInstance(ServletTestExecutionListener.java:132)
	at org.springframework.test.context.TestContextManager.prepareTestInstance(TestContextManager.java:248)
	at org.springframework.test.context.junit.jupiter.SpringExtension.postProcessTestInstance(SpringExtension.java:138)
	at org.junit.jupiter.engine.descriptor.ClassBasedTestDescriptor.lambda$invokeTestInstancePostProcessors$8(ClassBasedTestDescriptor.java:363)
	at org.junit.jupiter.engine.descriptor.ClassBasedTestDescriptor.executeAndMaskThrowable(ClassBasedTestDescriptor.java:368)
	at org.junit.jupiter.engine.descriptor.ClassBasedTestDescriptor.lambda$invokeTestInstancePostProcessors$9(ClassBasedTestDescriptor.java:363)
	at java.base/java.util.stream.ReferencePipeline$3$1.accept(ReferencePipeline.java:197)
	at java.base/java.util.stream.ReferencePipeline$2$1.accept(ReferencePipeline.java:179)
	at java.base/java.util.ArrayList$ArrayListSpliterator.forEachRemaining(ArrayList.java:1625)
	at java.base/java.util.stream.AbstractPipeline.copyInto(AbstractPipeline.java:509)
	at java.base/java.util.stream.AbstractPipeline.wrapAndCopyInto(AbstractPipeline.java:499)
	at java.base/java.util.stream.StreamSpliterators$WrappingSpliterator.forEachRemaining(StreamSpliterators.java:310)
	at java.base/java.util.stream.Streams$ConcatSpliterator.forEachRemaining(Streams.java:735)
	at java.base/java.util.stream.Streams$ConcatSpliterator.forEachRemaining(Streams.java:734)
	at java.base/java.util.stream.ReferencePipeline$Head.forEach(ReferencePipeline.java:762)
	at org.junit.jupiter.engine.descriptor.ClassBasedTestDescriptor.invokeTestInstancePostProcessors(ClassBasedTestDescriptor.java:362)
	at org.junit.jupiter.engine.descriptor.ClassBasedTestDescriptor.lambda$instantiateAndPostProcessTestInstance$6(ClassBasedTestDescriptor.java:283)
	at org.junit.platform.engine.support.hierarchical.ThrowableCollector.execute(ThrowableCollector.java:73)
	at org.junit.jupiter.engine.descriptor.ClassBasedTestDescriptor.instantiateAndPostProcessTestInstance(ClassBasedTestDescriptor.java:282)
	at org.junit.jupiter.engine.descriptor.ClassBasedTestDescriptor.lambda$testInstancesProvider$4(ClassBasedTestDescriptor.java:272)
	at java.base/java.util.Optional.orElseGet(Optional.java:364)
	at org.junit.jupiter.engine.descriptor.ClassBasedTestDescriptor.lambda$testInstancesProvider$5(ClassBasedTestDescriptor.java:271)
	at org.junit.jupiter.engine.execution.TestInstancesProvider.getTestInstances(TestInstancesProvider.java:31)
	at org.junit.jupiter.engine.descriptor.TestMethodTestDescriptor.lambda$prepare$0(TestMethodTestDescriptor.java:102)
	at org.junit.platform.engine.support.hierarchical.ThrowableCollector.execute(ThrowableCollector.java:73)
	at org.junit.jupiter.engine.descriptor.TestMethodTestDescriptor.prepare(TestMethodTestDescriptor.java:101)
	at org.junit.jupiter.engine.descriptor.TestMethodTestDescriptor.prepare(TestMethodTestDescriptor.java:66)
	at org.junit.platform.engine.support.hierarchical.NodeTestTask.lambda$prepare$2(NodeTestTask.java:123)
	at org.junit.platform.engine.support.hierarchical.ThrowableCollector.execute(ThrowableCollector.java:73)
	at org.junit.platform.engine.support.hierarchical.NodeTestTask.prepare(NodeTestTask.java:123)
	at org.junit.platform.engine.support.hierarchical.NodeTestTask.execute(NodeTestTask.java:90)
	at java.base/java.util.ArrayList.forEach(ArrayList.java:1511)
	at org.junit.platform.engine.support.hierarchical.SameThreadHierarchicalTestExecutorService.invokeAll(SameThreadHierarchicalTestExecutorService.java:41)
	at org.junit.platform.engine.support.hierarchical.NodeTestTask.lambda$executeRecursively$6(NodeTestTask.java:155)
	at org.junit.platform.engine.support.hierarchical.ThrowableCollector.execute(ThrowableCollector.java:73)
	at org.junit.platform.engine.support.hierarchical.NodeTestTask.lambda$executeRecursively$8(NodeTestTask.java:141)
	at org.junit.platform.engine.support.hierarchical.Node.around(Node.java:137)
	at org.junit.platform.engine.support.hierarchical.NodeTestTask.lambda$executeRecursively$9(NodeTestTask.java:139)
	at org.junit.platform.engine.support.hierarchical.ThrowableCollector.execute(ThrowableCollector.java:73)
	at org.junit.platform.engine.support.hierarchical.NodeTestTask.executeRecursively(NodeTestTask.java:138)
	at org.junit.platform.engine.support.hierarchical.NodeTestTask.execute(NodeTestTask.java:95)
	at java.base/java.util.ArrayList.forEach(ArrayList.java:1511)
	at org.junit.platform.engine.support.hierarchical.SameThreadHierarchicalTestExecutorService.invokeAll(SameThreadHierarchicalTestExecutorService.java:41)
	at org.junit.platform.engine.support.hierarchical.NodeTestTask.lambda$executeRecursively$6(NodeTestTask.java:155)
	at org.junit.platform.engine.support.hierarchical.ThrowableCollector.execute(ThrowableCollector.java:73)
	at org.junit.platform.engine.support.hierarchical.NodeTestTask.lambda$executeRecursively$8(NodeTestTask.java:141)
	at org.junit.platform.engine.support.hierarchical.Node.around(Node.java:137)
	at org.junit.platform.engine.support.hierarchical.NodeTestTask.lambda$executeRecursively$9(NodeTestTask.java:139)
	at org.junit.platform.engine.support.hierarchical.ThrowableCollector.execute(ThrowableCollector.java:73)
	at org.junit.platform.engine.support.hierarchical.NodeTestTask.executeRecursively(NodeTestTask.java:138)
	at org.junit.platform.engine.support.hierarchical.NodeTestTask.execute(NodeTestTask.java:95)
	at org.junit.platform.engine.support.hierarchical.SameThreadHierarchicalTestExecutorService.submit(SameThreadHierarchicalTestExecutorService.java:35)
	at org.junit.platform.engine.support.hierarchical.HierarchicalTestExecutor.execute(HierarchicalTestExecutor.java:57)
	at org.junit.platform.engine.support.hierarchical.HierarchicalTestEngine.execute(HierarchicalTestEngine.java:54)
	at org.junit.platform.launcher.core.EngineExecutionOrchestrator.execute(EngineExecutionOrchestrator.java:107)
	at org.junit.platform.launcher.core.EngineExecutionOrchestrator.execute(EngineExecutionOrchestrator.java:88)
	at org.junit.platform.launcher.core.EngineExecutionOrchestrator.lambda$execute$0(EngineExecutionOrchestrator.java:54)
	at org.junit.platform.launcher.core.EngineExecutionOrchestrator.withInterceptedStreams(EngineExecutionOrchestrator.java:67)
	at org.junit.platform.launcher.core.EngineExecutionOrchestrator.execute(EngineExecutionOrchestrator.java:52)
	at org.junit.platform.launcher.core.DefaultLauncher.execute(DefaultLauncher.java:114)
	at org.junit.platform.launcher.core.DefaultLauncher.execute(DefaultLauncher.java:86)
	at org.junit.platform.launcher.core.DefaultLauncherSession$DelegatingLauncher.execute(DefaultLauncherSession.java:86)
	at org.junit.platform.launcher.core.SessionPerRequestLauncher.execute(SessionPerRequestLauncher.java:53)
	at com.intellij.junit5.JUnit5IdeaTestRunner.startRunnerWithArgs(JUnit5IdeaTestRunner.java:71)
	at com.intellij.rt.junit.IdeaTestRunner$Repeater.startRunnerWithArgs(IdeaTestRunner.java:33)
	at com.intellij.rt.junit.JUnitStarter.prepareStreamsAndStart(JUnitStarter.java:235)
	at com.intellij.rt.junit.JUnitStarter.main(JUnitStarter.java:54)
Caused by: org.postgresql.util.PSQLException: ОШИБКА: столбец "id_1" отношения "profile" содержит значения NULL
	at org.postgresql.core.v3.QueryExecutorImpl.receiveErrorResponse(QueryExecutorImpl.java:2675)
	at org.postgresql.core.v3.QueryExecutorImpl.processResults(QueryExecutorImpl.java:2365)
	at org.postgresql.core.v3.QueryExecutorImpl.execute(QueryExecutorImpl.java:355)
	at org.postgresql.jdbc.PgStatement.executeInternal(PgStatement.java:490)
	at org.postgresql.jdbc.PgStatement.execute(PgStatement.java:408)
	at org.postgresql.jdbc.PgStatement.executeWithFlags(PgStatement.java:329)
	at org.postgresql.jdbc.PgStatement.executeCachedSql(PgStatement.java:315)
	at org.postgresql.jdbc.PgStatement.executeWithFlags(PgStatement.java:291)
	at org.postgresql.jdbc.PgStatement.execute(PgStatement.java:286)
	at com.zaxxer.hikari.pool.ProxyStatement.execute(ProxyStatement.java:94)
	at com.zaxxer.hikari.pool.HikariProxyStatement.execute(HikariProxyStatement.java)
	at org.hibernate.tool.schema.internal.exec.GenerationTargetToDatabase.accept(GenerationTargetToDatabase.java:54)
	... 102 common frames omitted
30 мар. 2022 - 21:32:49.561 -  INFO  - o.h.e.t.j.p.i.JtaPlatformInitiator - HHH000490: Using JtaPlatform implementation: [org.hibernate.engine.transaction.jta.platform.internal.NoJtaPlatform]
30 мар. 2022 - 21:32:49.576 -  INFO  - o.s.o.j.LocalContainerEntityManagerFactoryBean - Initialized JPA EntityManagerFactory for persistence unit 'default'
30 мар. 2022 - 21:32:51.138 -  WARN  - o.s.b.a.o.j.JpaBaseConfiguration$JpaWebConfiguration - spring.jpa.open-in-view is enabled by default. Therefore, database queries may be performed during view rendering. Explicitly configure spring.jpa.open-in-view to disable this warning
30 мар. 2022 - 21:32:53.888 -  INFO  - o.s.s.web.DefaultSecurityFilterChain - Will not secure any request
30 мар. 2022 - 21:32:55.888 -  WARN  - o.h.e.jdbc.spi.SqlExceptionHelper - SQL Error: 0, SQLState: 42703
30 мар. 2022 - 21:32:55.888 -  ERROR - o.h.e.jdbc.spi.SqlExceptionHelper - ОШИБКА: столбец profileent0_.id_1 не существует
  Подсказка: Возможно, предполагалась ссылка на столбец "profileent0_.id".
  Позиция: 8
30 мар. 2022 - 21:32:55.950 -  INFO  - o.s.o.j.LocalContainerEntityManagerFactoryBean - Closing JPA EntityManagerFactory for persistence unit 'default'
30 мар. 2022 - 21:32:55.950 -  INFO  - com.zaxxer.hikari.HikariDataSource - HikariPool-1 - Shutdown initiated...
30 мар. 2022 - 21:32:55.966 -  INFO  - com.zaxxer.hikari.HikariDataSource - HikariPool-1 - Shutdown completed.
30 мар. 2022 - 21:34:09.888 -  INFO  - o.s.d.r.c.RepositoryConfigurationDelegate - Bootstrapping Spring Data JPA repositories in DEFAULT mode.
30 мар. 2022 - 21:34:10.044 -  INFO  - o.s.d.r.c.RepositoryConfigurationDelegate - Finished Spring Data repository scanning in 137 ms. Found 1 JPA repository interfaces.
30 мар. 2022 - 21:34:11.497 -  INFO  - o.h.jpa.internal.util.LogHelper - HHH000204: Processing PersistenceUnitInfo [name: default]
30 мар. 2022 - 21:34:11.591 -  INFO  - org.hibernate.Version - HHH000412: Hibernate ORM core version 5.6.7.Final
30 мар. 2022 - 21:34:11.778 -  INFO  - o.h.annotations.common.Version - HCANN000001: Hibernate Commons Annotations {5.1.2.Final}
30 мар. 2022 - 21:34:12.028 -  INFO  - com.zaxxer.hikari.HikariDataSource - HikariPool-1 - Starting...
30 мар. 2022 - 21:34:12.835 -  INFO  - com.zaxxer.hikari.HikariDataSource - HikariPool-1 - Start completed.
30 мар. 2022 - 21:34:12.898 -  INFO  - org.hibernate.dialect.Dialect - HHH000400: Using dialect: org.hibernate.dialect.PostgreSQL10Dialect
30 мар. 2022 - 21:34:16.725 -  INFO  - o.h.e.t.j.p.i.JtaPlatformInitiator - HHH000490: Using JtaPlatform implementation: [org.hibernate.engine.transaction.jta.platform.internal.NoJtaPlatform]
30 мар. 2022 - 21:34:16.741 -  INFO  - o.s.o.j.LocalContainerEntityManagerFactoryBean - Initialized JPA EntityManagerFactory for persistence unit 'default'
30 мар. 2022 - 21:34:17.506 -  WARN  - o.s.b.a.o.j.JpaBaseConfiguration$JpaWebConfiguration - spring.jpa.open-in-view is enabled by default. Therefore, database queries may be performed during view rendering. Explicitly configure spring.jpa.open-in-view to disable this warning
30 мар. 2022 - 21:34:19.568 -  INFO  - o.s.s.web.DefaultSecurityFilterChain - Will not secure any request
30 мар. 2022 - 21:34:21.411 -  INFO  - o.s.o.j.LocalContainerEntityManagerFactoryBean - Closing JPA EntityManagerFactory for persistence unit 'default'
30 мар. 2022 - 21:34:21.411 -  INFO  - com.zaxxer.hikari.HikariDataSource - HikariPool-1 - Shutdown initiated...
30 мар. 2022 - 21:34:21.427 -  INFO  - com.zaxxer.hikari.HikariDataSource - HikariPool-1 - Shutdown completed.
30 мар. 2022 - 21:35:00.463 -  INFO  - o.s.d.r.c.RepositoryConfigurationDelegate - Bootstrapping Spring Data JPA repositories in DEFAULT mode.
30 мар. 2022 - 21:35:00.526 -  INFO  - o.s.d.r.c.RepositoryConfigurationDelegate - Finished Spring Data repository scanning in 59 ms. Found 1 JPA repository interfaces.
30 мар. 2022 - 21:35:01.512 -  INFO  - o.h.jpa.internal.util.LogHelper - HHH000204: Processing PersistenceUnitInfo [name: default]
30 мар. 2022 - 21:35:01.574 -  INFO  - org.hibernate.Version - HHH000412: Hibernate ORM core version 5.6.7.Final
30 мар. 2022 - 21:35:01.746 -  INFO  - o.h.annotations.common.Version - HCANN000001: Hibernate Commons Annotations {5.1.2.Final}
30 мар. 2022 - 21:35:01.934 -  INFO  - com.zaxxer.hikari.HikariDataSource - HikariPool-1 - Starting...
30 мар. 2022 - 21:35:02.184 -  INFO  - com.zaxxer.hikari.HikariDataSource - HikariPool-1 - Start completed.
30 мар. 2022 - 21:35:02.231 -  INFO  - org.hibernate.dialect.Dialect - HHH000400: Using dialect: org.hibernate.dialect.PostgreSQL10Dialect
30 мар. 2022 - 21:35:03.137 -  INFO  - o.h.e.t.j.p.i.JtaPlatformInitiator - HHH000490: Using JtaPlatform implementation: [org.hibernate.engine.transaction.jta.platform.internal.NoJtaPlatform]
30 мар. 2022 - 21:35:03.137 -  INFO  - o.s.o.j.LocalContainerEntityManagerFactoryBean - Initialized JPA EntityManagerFactory for persistence unit 'default'
30 мар. 2022 - 21:35:03.777 -  WARN  - o.s.b.a.o.j.JpaBaseConfiguration$JpaWebConfiguration - spring.jpa.open-in-view is enabled by default. Therefore, database queries may be performed during view rendering. Explicitly configure spring.jpa.open-in-view to disable this warning
30 мар. 2022 - 21:35:04.949 -  INFO  - o.s.s.web.DefaultSecurityFilterChain - Will not secure any request
30 мар. 2022 - 21:35:06.839 -  INFO  - o.s.o.j.LocalContainerEntityManagerFactoryBean - Closing JPA EntityManagerFactory for persistence unit 'default'
30 мар. 2022 - 21:35:06.839 -  INFO  - com.zaxxer.hikari.HikariDataSource - HikariPool-1 - Shutdown initiated...
30 мар. 2022 - 21:35:06.854 -  INFO  - com.zaxxer.hikari.HikariDataSource - HikariPool-1 - Shutdown completed.
30 мар. 2022 - 21:49:25.319 -  INFO  - o.s.d.r.c.RepositoryConfigurationDelegate - Bootstrapping Spring Data JPA repositories in DEFAULT mode.
30 мар. 2022 - 21:49:25.382 -  INFO  - o.s.d.r.c.RepositoryConfigurationDelegate - Finished Spring Data repository scanning in 52 ms. Found 1 JPA repository interfaces.
30 мар. 2022 - 21:49:26.163 -  INFO  - o.h.jpa.internal.util.LogHelper - HHH000204: Processing PersistenceUnitInfo [name: default]
30 мар. 2022 - 21:49:26.225 -  INFO  - org.hibernate.Version - HHH000412: Hibernate ORM core version 5.6.7.Final
30 мар. 2022 - 21:49:26.397 -  INFO  - o.h.annotations.common.Version - HCANN000001: Hibernate Commons Annotations {5.1.2.Final}
30 мар. 2022 - 21:49:26.569 -  INFO  - com.zaxxer.hikari.HikariDataSource - HikariPool-1 - Starting...
30 мар. 2022 - 21:49:26.819 -  INFO  - com.zaxxer.hikari.HikariDataSource - HikariPool-1 - Start completed.
30 мар. 2022 - 21:49:26.866 -  INFO  - org.hibernate.dialect.Dialect - HHH000400: Using dialect: org.hibernate.dialect.PostgreSQL10Dialect
30 мар. 2022 - 21:49:27.725 -  INFO  - o.h.e.t.j.p.i.JtaPlatformInitiator - HHH000490: Using JtaPlatform implementation: [org.hibernate.engine.transaction.jta.platform.internal.NoJtaPlatform]
30 мар. 2022 - 21:49:27.725 -  INFO  - o.s.o.j.LocalContainerEntityManagerFactoryBean - Initialized JPA EntityManagerFactory for persistence unit 'default'
30 мар. 2022 - 21:49:28.256 -  WARN  - o.s.b.a.o.j.JpaBaseConfiguration$JpaWebConfiguration - spring.jpa.open-in-view is enabled by default. Therefore, database queries may be performed during view rendering. Explicitly configure spring.jpa.open-in-view to disable this warning
30 мар. 2022 - 21:49:29.365 -  INFO  - o.s.s.web.DefaultSecurityFilterChain - Will not secure any request
30 мар. 2022 - 21:49:31.039 -  WARN  - o.h.e.jdbc.spi.SqlExceptionHelper - SQL Error: 0, SQLState: 42804
30 мар. 2022 - 21:49:31.039 -  ERROR - o.h.e.jdbc.spi.SqlExceptionHelper - ОШИБКА: столбец "status" имеет тип integer, а выражение - character varying
  Подсказка: Перепишите выражение или преобразуйте его тип.
  Позиция: 119
30 мар. 2022 - 21:49:31.102 -  INFO  - o.s.o.j.LocalContainerEntityManagerFactoryBean - Closing JPA EntityManagerFactory for persistence unit 'default'
30 мар. 2022 - 21:49:31.118 -  INFO  - com.zaxxer.hikari.HikariDataSource - HikariPool-1 - Shutdown initiated...
30 мар. 2022 - 21:49:31.133 -  INFO  - com.zaxxer.hikari.HikariDataSource - HikariPool-1 - Shutdown completed.
30 мар. 2022 - 21:52:27.797 -  INFO  - o.s.d.r.c.RepositoryConfigurationDelegate - Bootstrapping Spring Data JPA repositories in DEFAULT mode.
30 мар. 2022 - 21:52:27.875 -  INFO  - o.s.d.r.c.RepositoryConfigurationDelegate - Finished Spring Data repository scanning in 59 ms. Found 1 JPA repository interfaces.
30 мар. 2022 - 21:52:28.671 -  INFO  - o.h.jpa.internal.util.LogHelper - HHH000204: Processing PersistenceUnitInfo [name: default]
30 мар. 2022 - 21:52:28.749 -  INFO  - org.hibernate.Version - HHH000412: Hibernate ORM core version 5.6.7.Final
30 мар. 2022 - 21:52:28.984 -  INFO  - o.h.annotations.common.Version - HCANN000001: Hibernate Commons Annotations {5.1.2.Final}
30 мар. 2022 - 21:52:29.156 -  INFO  - com.zaxxer.hikari.HikariDataSource - HikariPool-1 - Starting...
30 мар. 2022 - 21:52:29.468 -  INFO  - com.zaxxer.hikari.HikariDataSource - HikariPool-1 - Start completed.
30 мар. 2022 - 21:52:29.499 -  INFO  - org.hibernate.dialect.Dialect - HHH000400: Using dialect: org.hibernate.dialect.PostgreSQL10Dialect
30 мар. 2022 - 21:52:30.108 -  INFO  - o.h.e.t.j.p.i.JtaPlatformInitiator - HHH000490: Using JtaPlatform implementation: [org.hibernate.engine.transaction.jta.platform.internal.NoJtaPlatform]
30 мар. 2022 - 21:52:30.108 -  INFO  - o.s.o.j.LocalContainerEntityManagerFactoryBean - Initialized JPA EntityManagerFactory for persistence unit 'default'
30 мар. 2022 - 21:52:30.624 -  WARN  - o.s.b.a.o.j.JpaBaseConfiguration$JpaWebConfiguration - spring.jpa.open-in-view is enabled by default. Therefore, database queries may be performed during view rendering. Explicitly configure spring.jpa.open-in-view to disable this warning
30 мар. 2022 - 21:52:31.702 -  INFO  - o.s.s.web.DefaultSecurityFilterChain - Will not secure any request
30 мар. 2022 - 21:52:33.171 -  WARN  - o.h.e.jdbc.spi.SqlExceptionHelper - SQL Error: 0, SQLState: 42804
30 мар. 2022 - 21:52:33.171 -  ERROR - o.h.e.jdbc.spi.SqlExceptionHelper - ОШИБКА: столбец "status" имеет тип integer, а выражение - character varying
  Подсказка: Перепишите выражение или преобразуйте его тип.
  Позиция: 119
30 мар. 2022 - 21:52:33.233 -  INFO  - o.s.o.j.LocalContainerEntityManagerFactoryBean - Closing JPA EntityManagerFactory for persistence unit 'default'
30 мар. 2022 - 21:52:33.233 -  INFO  - com.zaxxer.hikari.HikariDataSource - HikariPool-1 - Shutdown initiated...
30 мар. 2022 - 21:52:33.249 -  INFO  - com.zaxxer.hikari.HikariDataSource - HikariPool-1 - Shutdown completed.
30 мар. 2022 - 21:53:39.374 -  INFO  - o.s.d.r.c.RepositoryConfigurationDelegate - Bootstrapping Spring Data JPA repositories in DEFAULT mode.
30 мар. 2022 - 21:53:39.452 -  INFO  - o.s.d.r.c.RepositoryConfigurationDelegate - Finished Spring Data repository scanning in 60 ms. Found 1 JPA repository interfaces.
30 мар. 2022 - 21:53:40.358 -  INFO  - o.h.jpa.internal.util.LogHelper - HHH000204: Processing PersistenceUnitInfo [name: default]
30 мар. 2022 - 21:53:40.405 -  INFO  - org.hibernate.Version - HHH000412: Hibernate ORM core version 5.6.7.Final
30 мар. 2022 - 21:53:40.561 -  INFO  - o.h.annotations.common.Version - HCANN000001: Hibernate Commons Annotations {5.1.2.Final}
30 мар. 2022 - 21:53:40.702 -  INFO  - com.zaxxer.hikari.HikariDataSource - HikariPool-1 - Starting...
30 мар. 2022 - 21:53:40.905 -  INFO  - com.zaxxer.hikari.HikariDataSource - HikariPool-1 - Start completed.
30 мар. 2022 - 21:53:40.936 -  INFO  - org.hibernate.dialect.Dialect - HHH000400: Using dialect: org.hibernate.dialect.PostgreSQL10Dialect
30 мар. 2022 - 21:53:41.592 -  INFO  - o.h.e.t.j.p.i.JtaPlatformInitiator - HHH000490: Using JtaPlatform implementation: [org.hibernate.engine.transaction.jta.platform.internal.NoJtaPlatform]
30 мар. 2022 - 21:53:41.608 -  INFO  - o.s.o.j.LocalContainerEntityManagerFactoryBean - Initialized JPA EntityManagerFactory for persistence unit 'default'
30 мар. 2022 - 21:53:42.186 -  WARN  - o.s.b.a.o.j.JpaBaseConfiguration$JpaWebConfiguration - spring.jpa.open-in-view is enabled by default. Therefore, database queries may be performed during view rendering. Explicitly configure spring.jpa.open-in-view to disable this warning
30 мар. 2022 - 21:53:43.217 -  INFO  - o.s.s.web.DefaultSecurityFilterChain - Will not secure any request
30 мар. 2022 - 21:53:44.654 -  WARN  - o.h.e.jdbc.spi.SqlExceptionHelper - SQL Error: 0, SQLState: 42804
30 мар. 2022 - 21:53:44.654 -  ERROR - o.h.e.jdbc.spi.SqlExceptionHelper - ОШИБКА: столбец "status" имеет тип integer, а выражение - character varying
  Подсказка: Перепишите выражение или преобразуйте его тип.
  Позиция: 119
30 мар. 2022 - 21:53:44.701 -  INFO  - o.s.o.j.LocalContainerEntityManagerFactoryBean - Closing JPA EntityManagerFactory for persistence unit 'default'
30 мар. 2022 - 21:53:44.716 -  INFO  - com.zaxxer.hikari.HikariDataSource - HikariPool-1 - Shutdown initiated...
30 мар. 2022 - 21:53:44.716 -  INFO  - com.zaxxer.hikari.HikariDataSource - HikariPool-1 - Shutdown completed.
30 мар. 2022 - 21:54:20.110 -  INFO  - o.s.d.r.c.RepositoryConfigurationDelegate - Bootstrapping Spring Data JPA repositories in DEFAULT mode.
30 мар. 2022 - 21:54:20.188 -  INFO  - o.s.d.r.c.RepositoryConfigurationDelegate - Finished Spring Data repository scanning in 60 ms. Found 1 JPA repository interfaces.
30 мар. 2022 - 21:54:21.266 -  INFO  - o.h.jpa.internal.util.LogHelper - HHH000204: Processing PersistenceUnitInfo [name: default]
30 мар. 2022 - 21:54:21.344 -  INFO  - org.hibernate.Version - HHH000412: Hibernate ORM core version 5.6.7.Final
30 мар. 2022 - 21:54:21.532 -  INFO  - o.h.annotations.common.Version - HCANN000001: Hibernate Commons Annotations {5.1.2.Final}
30 мар. 2022 - 21:54:21.703 -  INFO  - com.zaxxer.hikari.HikariDataSource - HikariPool-1 - Starting...
30 мар. 2022 - 21:54:21.922 -  INFO  - com.zaxxer.hikari.HikariDataSource - HikariPool-1 - Start completed.
30 мар. 2022 - 21:54:21.938 -  INFO  - org.hibernate.dialect.Dialect - HHH000400: Using dialect: org.hibernate.dialect.PostgreSQL10Dialect
30 мар. 2022 - 21:54:22.563 -  INFO  - o.h.e.t.j.p.i.JtaPlatformInitiator - HHH000490: Using JtaPlatform implementation: [org.hibernate.engine.transaction.jta.platform.internal.NoJtaPlatform]
30 мар. 2022 - 21:54:22.578 -  INFO  - o.s.o.j.LocalContainerEntityManagerFactoryBean - Initialized JPA EntityManagerFactory for persistence unit 'default'
30 мар. 2022 - 21:54:23.125 -  WARN  - o.s.b.a.o.j.JpaBaseConfiguration$JpaWebConfiguration - spring.jpa.open-in-view is enabled by default. Therefore, database queries may be performed during view rendering. Explicitly configure spring.jpa.open-in-view to disable this warning
30 мар. 2022 - 21:54:24.297 -  INFO  - o.s.s.web.DefaultSecurityFilterChain - Will not secure any request
30 мар. 2022 - 21:54:26.249 -  WARN  - o.h.e.jdbc.spi.SqlExceptionHelper - SQL Error: 0, SQLState: 42804
30 мар. 2022 - 21:54:26.249 -  ERROR - o.h.e.jdbc.spi.SqlExceptionHelper - ОШИБКА: столбец "status" имеет тип integer, а выражение - character varying
  Подсказка: Перепишите выражение или преобразуйте его тип.
  Позиция: 119
30 мар. 2022 - 21:54:26.312 -  INFO  - o.s.o.j.LocalContainerEntityManagerFactoryBean - Closing JPA EntityManagerFactory for persistence unit 'default'
30 мар. 2022 - 21:54:26.312 -  INFO  - com.zaxxer.hikari.HikariDataSource - HikariPool-1 - Shutdown initiated...
30 мар. 2022 - 21:54:26.327 -  INFO  - com.zaxxer.hikari.HikariDataSource - HikariPool-1 - Shutdown completed.
